<?xml version="1.0" encoding="utf-8" standalone="no"?>
<!--This file represents the results of running a test suite-->
<test-results name="C:\vsproj\DenisRepo\UnTest1\UnTest1\bin\Debug\UnTest1.exe" total="1" errors="0" failures="0" not-run="0" inconclusive="0" ignored="0" skipped="0" invalid="0" date="2014-01-06" time="23:16:25">
  <environment nunit-version="2.6.3.13283" clr-version="2.0.50727.7905" os-version="Microsoft Windows NT 6.2.9200.0" platform="Win32NT" cwd="C:\Program Files (x86)\NUnit 2.6.3\bin" machine-name="DILIJ01" user="denis" user-domain="dilij01" />
  <culture-info current-culture="hr-HR" current-uiculture="en-US" />
  <test-suite type="Assembly" name="C:\vsproj\DenisRepo\UnTest1\UnTest1\bin\Debug\UnTest1.exe" executed="True" result="Success" success="True" time="0.094" asserts="0">
    <results>
      <test-suite type="Namespace" name="UnTest1" executed="True" result="Success" success="True" time="0.071" asserts="0">
        <results>
          <test-suite type="TestFixture" name="NunitTest" executed="True" result="Success" success="True" time="0.068" asserts="0">
            <results>
              <test-suite type="ParameterizedTest" name="VerifySumator" executed="True" result="Success" success="True" time="0.058" asserts="0">
                <results>
                  <test-case name="UnTest1.NunitTest.VerifySumator()" executed="True" result="Success" success="True" time="0.044" asserts="1" />
                </results>
              </test-suite>
            </results>
          </test-suite>
        </results>
      </test-suite>
    </results>
  </test-suite>
</test-results>